[main] INFO GCListener - hw4 started with pid = 14980@de-lt-kvasileva
[Service Thread] INFO GCListener - Generation: YOUNG, GC name = ParNew, GC duration = 98
[Service Thread] INFO GCListener - Generation: YOUNG, GC name = ParNew, GC duration = 25
[Service Thread] INFO GCListener - Generation: OLD, GC name = ConcurrentMarkSweep, GC duration = 58
[Service Thread] INFO GCListener - Generation: YOUNG, GC name = ParNew, GC duration = 40
[Service Thread] INFO GCListener - Generation: OLD, GC name = ConcurrentMarkSweep, GC duration = 134
[Service Thread] INFO GCListener - Generation: OLD, GC name = ConcurrentMarkSweep, GC duration = 94
[Service Thread] INFO GCListener - Generation: OLD, GC name = ConcurrentMarkSweep, GC duration = 97
[Service Thread] INFO GCListener - Generation: YOUNG, GC name = ParNew, GC duration = 0
[Service Thread] INFO GCListener - Generation: OLD, GC name = ConcurrentMarkSweep, GC duration = 160
[Service Thread] INFO GCListener - Generation: OLD, GC name = ConcurrentMarkSweep, GC duration = 163
[Service Thread] INFO GCListener - Generation: OLD, GC name = ConcurrentMarkSweep, GC duration = 109
[Service Thread] INFO GCListener - Generation: OLD, GC name = ConcurrentMarkSweep, GC duration = 113
[Service Thread] INFO GCListener - Generation: OLD, GC name = ConcurrentMarkSweep, GC duration = 110
[Service Thread] INFO GCListener - Generation: YOUNG, GC name = ParNew, GC duration = 0
[Service Thread] INFO GCListener - Generation: OLD, GC name = ConcurrentMarkSweep, GC duration = 165
[Service Thread] INFO GCListener - Generation: OLD, GC name = ConcurrentMarkSweep, GC duration = 177
[Service Thread] INFO GCListener - Generation: YOUNG, GC name = ParNew, GC duration = 0
[Service Thread] INFO GCListener - Generation: OLD, GC name = ConcurrentMarkSweep, GC duration = 196
[main] ERROR GCListener - Caught OutOfMemoryError
[Service Thread] INFO GCListener - Generation: OLD, GC name = ConcurrentMarkSweep, GC duration = 142
java.lang.OutOfMemoryError: Java heap space
	at java.lang.Integer.toString(Integer.java:403)
	at java.lang.String.valueOf(String.java:3099)
	at ru.otus.java.hw4.app.App.startApp(App.java:23)
	at ru.otus.java.hw4.Main.main(Main.java:23)
[Service Thread] INFO GCListener - Generation: OLD, GC name = ConcurrentMarkSweep, GC duration = 201
[Service Thread] INFO GCListener - Generation: OLD, GC name = ConcurrentMarkSweep, GC duration = 136
[Service Thread] INFO GCListener - Generation: OLD, GC name = ConcurrentMarkSweep, GC duration = 139
[Service Thread] INFO GCListener - Generation: OLD, GC name = ConcurrentMarkSweep, GC duration = 167
[main] INFO GCLogger - Finishing executing: YOUNG: 6, OLD: 13, total duration: 1881ms, Total app live time: 23 s
