[main] INFO GCListener - hw4 started with pid = 14985@de-lt-kvasileva
[Service Thread] INFO GCListener - Generation: YOUNG, GC name = G1 Young Generation, GC duration = 24
[Service Thread] INFO GCListener - Generation: YOUNG, GC name = G1 Young Generation, GC duration = 8
[Service Thread] INFO GCListener - Generation: YOUNG, GC name = G1 Young Generation, GC duration = 20
[Service Thread] INFO GCListener - Generation: YOUNG, GC name = G1 Young Generation, GC duration = 9
[Service Thread] INFO GCListener - Generation: YOUNG, GC name = G1 Young Generation, GC duration = 13
[Service Thread] INFO GCListener - Generation: YOUNG, GC name = G1 Young Generation, GC duration = 13
[Service Thread] INFO GCListener - Generation: YOUNG, GC name = G1 Young Generation, GC duration = 12
[Service Thread] INFO GCListener - Generation: YOUNG, GC name = G1 Young Generation, GC duration = 10
[Service Thread] INFO GCListener - Generation: YOUNG, GC name = G1 Young Generation, GC duration = 11
[Service Thread] INFO GCListener - Generation: YOUNG, GC name = G1 Young Generation, GC duration = 86
[Service Thread] INFO GCListener - Generation: OLD, GC name = G1 Old Generation, GC duration = 247
[Service Thread] INFO GCListener - Generation: YOUNG, GC name = G1 Young Generation, GC duration = 11
[Service Thread] INFO GCListener - Generation: YOUNG, GC name = G1 Young Generation, GC duration = 10
[Service Thread] INFO GCListener - Generation: YOUNG, GC name = G1 Young Generation, GC duration = 60
[Service Thread] INFO GCListener - Generation: YOUNG, GC name = G1 Young Generation, GC duration = 18
[Service Thread] INFO GCListener - Generation: OLD, GC name = G1 Old Generation, GC duration = 180
[Service Thread] INFO GCListener - Generation: YOUNG, GC name = G1 Young Generation, GC duration = 32
[Service Thread] INFO GCListener - Generation: YOUNG, GC name = G1 Young Generation, GC duration = 22
[Service Thread] INFO GCListener - Generation: OLD, GC name = G1 Old Generation, GC duration = 260
[Service Thread] INFO GCListener - Generation: YOUNG, GC name = G1 Young Generation, GC duration = 77
[Service Thread] INFO GCListener - Generation: YOUNG, GC name = G1 Young Generation, GC duration = 1
[Service Thread] INFO GCListener - Generation: OLD, GC name = G1 Old Generation, GC duration = 206
[main] ERROR GCListener - Caught OutOfMemoryError
[Service Thread] INFO GCListener - Generation: YOUNG, GC name = G1 Young Generation, GC duration = 32
java.lang.OutOfMemoryError: Java heap space
	at java.lang.Integer.toString(Integer.java:403)
	at java.lang.String.valueOf(String.java:3099)
	at ru.otus.java.hw4.app.App.startApp(App.java:23)
	at ru.otus.java.hw4.Main.main(Main.java:23)
[Service Thread] INFO GCListener - Generation: YOUNG, GC name = G1 Young Generation, GC duration = 0
[Service Thread] INFO GCListener - Generation: OLD, GC name = G1 Old Generation, GC duration = 193
[Service Thread] INFO GCListener - Generation: OLD, GC name = G1 Old Generation, GC duration = 155
[Service Thread] INFO GCListener - Generation: YOUNG, GC name = G1 Young Generation, GC duration = 1
[Service Thread] INFO GCListener - Generation: YOUNG, GC name = G1 Young Generation, GC duration = 0
[Service Thread] INFO GCListener - Generation: OLD, GC name = G1 Old Generation, GC duration = 31
[main] INFO GCLogger - Finishing executing: YOUNG: 19, OLD: 4, total duration: 1362ms, Total app live time: 29 s
