[main] INFO GCListener - hw4 started with pid = 5046@de-lt-kvasileva
[Service Thread] INFO GCListener - Generation: YOUNG, GC name = Copy, GC duration = 27
[Service Thread] INFO GCListener - Generation: YOUNG, GC name = Copy, GC duration = 32
[Service Thread] INFO GCListener - Generation: YOUNG, GC name = Copy, GC duration = 40
[Service Thread] INFO GCListener - Generation: YOUNG, GC name = Copy, GC duration = 0
[Service Thread] INFO GCListener - Generation: OLD, GC name = MarkSweepCompact, GC duration = 105
[Service Thread] INFO GCListener - Generation: OLD, GC name = MarkSweepCompact, GC duration = 112
[Service Thread] INFO GCListener - Generation: OLD, GC name = MarkSweepCompact, GC duration = 109
[Service Thread] INFO GCListener - Generation: OLD, GC name = MarkSweepCompact, GC duration = 131
[Service Thread] INFO GCListener - Generation: OLD, GC name = MarkSweepCompact, GC duration = 117
[Service Thread] INFO GCListener - Generation: OLD, GC name = MarkSweepCompact, GC duration = 106
[main] ERROR GCListener - Cought OutOfMemoryError
[Service Thread] INFO GCListener - Generation: OLD, GC name = MarkSweepCompact, GC duration = 131
java.lang.OutOfMemoryError: Java heap space
	at java.lang.Integer.toString(Integer.java:401)
	at java.lang.String.valueOf(String.java:3099)
	at ru.otus.java.hw4.app.App.startApp(App.java:14)
	at ru.otus.java.hw4.Main.main(Main.java:23)
[Service Thread] INFO GCListener - Generation: OLD, GC name = MarkSweepCompact, GC duration = 108
[Service Thread] INFO GCListener - Generation: OLD, GC name = MarkSweepCompact, GC duration = 95
[Service Thread] INFO GCListener - Generation: OLD, GC name = MarkSweepCompact, GC duration = 110
[Service Thread] INFO GCListener - Generation: OLD, GC name = MarkSweepCompact, GC duration = 124
[main] INFO GCLogger - Finishing executing: YOUNG: 4, OLD: 7
